<?xml version="1.0" encoding="UTF-8"?>
<testng-results ignored="0" total="2" passed="2" failed="0" skipped="0">
  <reporter-output>
  </reporter-output>
  <suite started-at="2022-12-26T00:57:40 EST" name="Surefire suite" finished-at="2022-12-26T00:58:10 EST" duration-ms="29495">
    <groups>
      <group name="cucumber">
        <method signature="AbstractTestNGCucumberTests.feature(cucumber.api.testng.CucumberFeatureWrapper)[pri:0, instance:TestRunner1.TestRunner2@73700b80]" name="feature" class="cucumber.api.testng.AbstractTestNGCucumberTests"/>
      </group> <!-- cucumber -->
    </groups>
    <test started-at="2022-12-26T00:57:40 EST" name="Surefire test" finished-at="2022-12-26T00:58:10 EST" duration-ms="29495">
      <class name="TestRunner1.TestRunner2">
        <test-method is-config="true" signature="metasetup()[pri:0, instance:TestRunner1.TestRunner2@73700b80]" started-at="2022-12-26T00:57:40 EST" name="metasetup" finished-at="2022-12-26T00:57:42 EST" duration-ms="1600" status="PASS">
          <reporter-output>
          </reporter-output>
        </test-method> <!-- metasetup -->
        <test-method is-config="true" signature="setUpClass()[pri:0, instance:TestRunner1.TestRunner2@73700b80]" started-at="2022-12-26T00:57:42 EST" name="setUpClass" finished-at="2022-12-26T00:57:42 EST" duration-ms="144" status="PASS">
          <reporter-output>
          </reporter-output>
        </test-method> <!-- setUpClass -->
        <test-method signature="feature(cucumber.api.testng.CucumberFeatureWrapper)[pri:0, instance:TestRunner1.TestRunner2@73700b80]" started-at="2022-12-26T00:57:42 EST" name="feature" description="Runs Cucumber Feature" data-provider="features" finished-at="2022-12-26T00:57:56 EST" duration-ms="14013" status="PASS">
          <params>
            <param index="0">
              <value>
                <![CDATA[This feature is for cart functionality]]>
              </value>
            </param>
          </params>
          <reporter-output>
          </reporter-output>
        </test-method> <!-- feature -->
        <test-method signature="feature(cucumber.api.testng.CucumberFeatureWrapper)[pri:0, instance:TestRunner1.TestRunner2@73700b80]" started-at="2022-12-26T00:57:56 EST" name="feature" description="Runs Cucumber Feature" data-provider="features" finished-at="2022-12-26T00:58:09 EST" duration-ms="13420" status="PASS">
          <params>
            <param index="0">
              <value>
                <![CDATA[This feature is for login functionality]]>
              </value>
            </param>
          </params>
          <reporter-output>
          </reporter-output>
        </test-method> <!-- feature -->
        <test-method is-config="true" signature="tearDownClass()[pri:0, instance:TestRunner1.TestRunner2@73700b80]" started-at="2022-12-26T00:58:09 EST" name="tearDownClass" finished-at="2022-12-26T00:58:09 EST" duration-ms="11" status="PASS">
          <reporter-output>
          </reporter-output>
        </test-method> <!-- tearDownClass -->
        <test-method is-config="true" signature="metaCloseURL()[pri:0, instance:TestRunner1.TestRunner2@73700b80]" started-at="2022-12-26T00:58:09 EST" name="metaCloseURL" finished-at="2022-12-26T00:58:10 EST" duration-ms="184" status="PASS">
          <reporter-output>
          </reporter-output>
        </test-method> <!-- metaCloseURL -->
      </class> <!-- TestRunner1.TestRunner2 -->
    </test> <!-- Surefire test -->
  </suite> <!-- Surefire suite -->
</testng-results>
